[GIN] 2018/01/08 - 22:50:38 | 200 [0m|      5.0028ms |             ::1 |  GET [0m    /
[GIN] 2018/01/08 - 22:50:38 | 304 [0m|            0s |             ::1 |  GET [0m    /css/global.css
[GIN] 2018/01/08 - 22:50:38 | 304 [0m|      1.0037ms |             ::1 |  GET [0m    /content/betheme/css/structure.css
[GIN] 2018/01/08 - 22:50:38 | 304 [0m|      1.0008ms |             ::1 |  GET [0m    /content/betheme/css/betheme2.css
[GIN] 2018/01/08 - 22:50:38 | 304 [0m|      1.0019ms |             ::1 |  GET [0m    /content/betheme/css/custom.css
[GIN] 2018/01/08 - 22:50:38 | 304 [0m|            0s |             ::1 |  GET [0m    /plugins/rs-plugin/css/settings.css
[GIN] 2018/01/08 - 22:50:38 | 304 [0m|            0s |             ::1 |  GET [0m    /js/jquery-2.1.4.min.js
[GIN] 2018/01/08 - 22:50:38 | 304 [0m|      1.0004ms |             ::1 |  GET [0m    /js/mfn.menu.js
[GIN] 2018/01/08 - 22:50:38 | 304 [0m|            0s |             ::1 |  GET [0m    /js/jquery.plugins.js
[GIN] 2018/01/08 - 22:50:38 | 304 [0m|       999.4µs |             ::1 |  GET [0m    /js/jquery.jplayer.min.js
[GIN] 2018/01/08 - 22:50:38 | 304 [0m|            0s |             ::1 |  GET [0m    /js/animations/animations.js
[GIN] 2018/01/08 - 22:50:38 | 304 [0m|            0s |             ::1 |  GET [0m    /js/translate3d.js
[GIN] 2018/01/08 - 22:50:38 | 304 [0m|            0s |             ::1 |  GET [0m    /js/scripts.js
[GIN] 2018/01/08 - 22:50:38 | 304 [0m|            0s |             ::1 |  GET [0m    /js/download.js
[GIN] 2018/01/08 - 22:50:38 | 304 [0m|            0s |             ::1 |  GET [0m    /plugins/rs-plugin/js/jquery.themepunch.tools.min.js
[GIN] 2018/01/08 - 22:50:38 | 304 [0m|            0s |             ::1 |  GET [0m    /plugins/rs-plugin/js/jquery.themepunch.revolution.min.js
[GIN] 2018/01/08 - 22:50:38 | 304 [0m|            0s |             ::1 |  GET [0m    /plugins/rs-plugin/js/extensions/revolution.extension.video.min.js
[GIN] 2018/01/08 - 22:50:38 | 304 [0m|            0s |             ::1 |  GET [0m    /plugins/rs-plugin/js/extensions/revolution.extension.slideanims.min.js
[GIN] 2018/01/08 - 22:50:38 | 304 [0m|      1.0008ms |             ::1 |  GET [0m    /plugins/rs-plugin/js/extensions/revolution.extension.actions.min.js
[GIN] 2018/01/08 - 22:50:38 | 304 [0m|            0s |             ::1 |  GET [0m    /plugins/rs-plugin/js/extensions/revolution.extension.layeranimation.min.js
[GIN] 2018/01/08 - 22:50:38 | 304 [0m|            0s |             ::1 |  GET [0m    /plugins/rs-plugin/js/extensions/revolution.extension.kenburn.min.js
[GIN] 2018/01/08 - 22:50:38 | 304 [0m|      1.0019ms |             ::1 |  GET [0m    /plugins/rs-plugin/js/extensions/revolution.extension.navigation.min.js
[GIN] 2018/01/08 - 22:50:38 | 304 [0m|            0s |             ::1 |  GET [0m    /plugins/rs-plugin/js/extensions/revolution.extension.migration.min.js
[GIN] 2018/01/08 - 22:50:38 | 304 [0m|            0s |             ::1 |  GET [0m    /plugins/rs-plugin/js/extensions/revolution.extension.parallax.min.js
[GIN] 2018/01/08 - 22:50:39 | 200 [0m|     12.0083ms |             ::1 |  GET [0m    /captcha/oJg90z0wNBOZjTnPdXHj.png
[GIN] 2018/01/08 - 22:50:39 | 304 [0m|      1.0015ms |             ::1 |  GET [0m    /images/logo.png
[GIN] 2018/01/08 - 22:50:39 | 304 [0m|            0s |             ::1 |  GET [0m    /images/home_betheme_slider_slide1.jpg
[GIN] 2018/01/08 - 22:50:39 | 304 [0m|      1.0012ms |             ::1 |  GET [0m    /images/home_betheme_contentslider1.jpg
[GIN] 2018/01/08 - 22:50:39 | 304 [0m|      1.0005ms |             ::1 |  GET [0m    /images/home_betheme_contentslider2.jpg
[GIN] 2018/01/08 - 22:50:39 | 304 [0m|            0s |             ::1 |  GET [0m    /images/home_betheme_contentslider3.jpg
[GIN] 2018/01/08 - 22:50:39 | 304 [0m|      1.0001ms |             ::1 |  GET [0m    /images/home_betheme_contentslider4.jpg
[GIN] 2018/01/08 - 22:50:39 | 304 [0m|      1.0001ms |             ::1 |  GET [0m    /images/stripes/stripes_3_b.png
[GIN] 2018/01/08 - 22:50:39 | 304 [0m|            0s |             ::1 |  GET [0m    /images/box_shadow_button.png
[GIN] 2018/01/08 - 22:50:47 | 200 [0m|      3.0022ms |             ::1 |  GET [0m    /invoices
[GIN] 2018/01/08 - 22:55:49 | 200 [0m|      5.0024ms |             ::1 |  GET [0m    /
[GIN] 2018/01/08 - 22:55:49 | 304 [0m|      1.0002ms |             ::1 |  GET [0m    /css/global.css
[GIN] 2018/01/08 - 22:55:49 | 304 [0m|            0s |             ::1 |  GET [0m    /content/betheme/css/structure.css
[GIN] 2018/01/08 - 22:55:49 | 304 [0m|            0s |             ::1 |  GET [0m    /content/betheme/css/betheme2.css
[GIN] 2018/01/08 - 22:55:49 | 304 [0m|            0s |             ::1 |  GET [0m    /content/betheme/css/custom.css
[GIN] 2018/01/08 - 22:55:49 | 304 [0m|       6.004ms |             ::1 |  GET [0m    /plugins/rs-plugin/css/settings.css
[GIN] 2018/01/08 - 22:55:49 | 304 [0m|      1.0016ms |             ::1 |  GET [0m    /js/jquery-2.1.4.min.js
[GIN] 2018/01/08 - 22:55:49 | 304 [0m|      1.0002ms |             ::1 |  GET [0m    /js/mfn.menu.js
[GIN] 2018/01/08 - 22:55:49 | 304 [0m|            0s |             ::1 |  GET [0m    /js/jquery.plugins.js
[GIN] 2018/01/08 - 22:55:49 | 304 [0m|            0s |             ::1 |  GET [0m    /js/jquery.jplayer.min.js
[GIN] 2018/01/08 - 22:55:49 | 304 [0m|            0s |             ::1 |  GET [0m    /js/animations/animations.js
[GIN] 2018/01/08 - 22:55:49 | 304 [0m|      5.0032ms |             ::1 |  GET [0m    /js/translate3d.js
[GIN] 2018/01/08 - 22:55:49 | 200 [0m|     35.0239ms |             ::1 |  GET [0m    /captcha/ZpM5E2QUDRfM3Itk8HMR.png
[GIN] 2018/01/08 - 22:55:49 | 304 [0m|            0s |             ::1 |  GET [0m    /js/scripts.js
[GIN] 2018/01/08 - 22:55:49 | 304 [0m|            0s |             ::1 |  GET [0m    /plugins/rs-plugin/js/jquery.themepunch.tools.min.js
[GIN] 2018/01/08 - 22:55:49 | 304 [0m|         500µs |             ::1 |  GET [0m    /js/download.js
[GIN] 2018/01/08 - 22:55:49 | 304 [0m|            0s |             ::1 |  GET [0m    /plugins/rs-plugin/js/jquery.themepunch.revolution.min.js
[GIN] 2018/01/08 - 22:55:49 | 304 [0m|            0s |             ::1 |  GET [0m    /plugins/rs-plugin/js/extensions/revolution.extension.video.min.js
[GIN] 2018/01/08 - 22:55:49 | 304 [0m|       500.7µs |             ::1 |  GET [0m    /plugins/rs-plugin/js/extensions/revolution.extension.slideanims.min.js
[GIN] 2018/01/08 - 22:55:49 | 304 [0m|       499.3µs |             ::1 |  GET [0m    /plugins/rs-plugin/js/extensions/revolution.extension.actions.min.js
[GIN] 2018/01/08 - 22:55:49 | 304 [0m|            0s |             ::1 |  GET [0m    /plugins/rs-plugin/js/extensions/revolution.extension.kenburn.min.js
[GIN] 2018/01/08 - 22:55:49 | 304 [0m|            0s |             ::1 |  GET [0m    /plugins/rs-plugin/js/extensions/revolution.extension.layeranimation.min.js
[GIN] 2018/01/08 - 22:55:49 | 304 [0m|      1.0005ms |             ::1 |  GET [0m    /plugins/rs-plugin/js/extensions/revolution.extension.parallax.min.js
[GIN] 2018/01/08 - 22:55:49 | 304 [0m|      1.0005ms |             ::1 |  GET [0m    /plugins/rs-plugin/js/extensions/revolution.extension.navigation.min.js
[GIN] 2018/01/08 - 22:55:49 | 304 [0m|      4.0031ms |             ::1 |  GET [0m    /plugins/rs-plugin/js/extensions/revolution.extension.migration.min.js
[GIN] 2018/01/08 - 22:55:49 | 304 [0m|       501.1µs |             ::1 |  GET [0m    /images/home_betheme_contentslider2.jpg
[GIN] 2018/01/08 - 22:55:49 | 304 [0m|      1.5009ms |             ::1 |  GET [0m    /images/home_betheme_contentslider1.jpg
[GIN] 2018/01/08 - 22:55:49 | 304 [0m|      1.5002ms |             ::1 |  GET [0m    /images/logo.png
[GIN] 2018/01/08 - 22:55:49 | 304 [0m|            0s |             ::1 |  GET [0m    /images/home_betheme_slider_slide1.jpg
[GIN] 2018/01/08 - 22:55:49 | 304 [0m|            0s |             ::1 |  GET [0m    /images/home_betheme_contentslider4.jpg
[GIN] 2018/01/08 - 22:55:49 | 304 [0m|     10.5107ms |             ::1 |  GET [0m    /images/home_betheme_contentslider3.jpg
[GIN] 2018/01/08 - 22:55:49 | 304 [0m|      1.0002ms |             ::1 |  GET [0m    /images/stripes/stripes_3_b.png
[GIN] 2018/01/08 - 22:55:49 | 304 [0m|            0s |             ::1 |  GET [0m    /images/box_shadow_button.png
[GIN] 2018/01/08 - 22:55:52 | 200 [0m|      7.0048ms |             ::1 |  GET [0m    /
[GIN] 2018/01/08 - 22:55:52 | 200 [0m|    160.1161ms |             ::1 |  GET [0m    /plugins/rs-plugin/css/settings.css
[GIN] 2018/01/08 - 22:55:52 | 200 [0m|    161.1173ms |             ::1 |  GET [0m    /content/betheme/css/betheme2.css
[GIN] 2018/01/08 - 22:55:52 | 200 [0m|    160.1161ms |             ::1 |  GET [0m    /content/betheme/css/custom.css
[GIN] 2018/01/08 - 22:55:52 | 200 [0m|     166.623ms |             ::1 |  GET [0m    /content/betheme/css/structure.css
[GIN] 2018/01/08 - 22:55:52 | 200 [0m|    174.1282ms |             ::1 |  GET [0m    /js/jquery-2.1.4.min.js
[GIN] 2018/01/08 - 22:55:52 | 200 [0m|            0s |             ::1 |  GET [0m    /js/mfn.menu.js
[GIN] 2018/01/08 - 22:55:52 | 200 [0m|            0s |             ::1 |  GET [0m    /js/translate3d.js
[GIN] 2018/01/08 - 22:55:52 | 200 [0m|            0s |             ::1 |  GET [0m    /js/animations/animations.js
[GIN] 2018/01/08 - 22:55:52 | 200 [0m|      1.0005ms |             ::1 |  GET [0m    /js/jquery.jplayer.min.js
[GIN] 2018/01/08 - 22:55:52 | 200 [0m|    224.1666ms |             ::1 |  GET [0m    /css/global.css
[GIN] 2018/01/08 - 22:55:52 | 200 [0m|     37.0238ms |             ::1 |  GET [0m    /js/jquery.plugins.js
[GIN] 2018/01/08 - 22:55:52 | 200 [0m|     16.0107ms |             ::1 |  GET [0m    /js/scripts.js
[GIN] 2018/01/08 - 22:55:52 | 200 [0m|      1.0012ms |             ::1 |  GET [0m    /plugins/rs-plugin/js/extensions/revolution.extension.actions.min.js
[GIN] 2018/01/08 - 22:55:52 | 200 [0m|            0s |             ::1 |  GET [0m    /plugins/rs-plugin/js/extensions/revolution.extension.slideanims.min.js
[GIN] 2018/01/08 - 22:55:52 | 200 [0m|      2.0014ms |             ::1 |  GET [0m    /plugins/rs-plugin/js/extensions/revolution.extension.video.min.js
[GIN] 2018/01/08 - 22:55:52 | 200 [0m|      1.0015ms |             ::1 |  GET [0m    /js/download.js
[GIN] 2018/01/08 - 22:55:52 | 200 [0m|      1.0015ms |             ::1 |  GET [0m    /plugins/rs-plugin/js/jquery.themepunch.revolution.min.js
[GIN] 2018/01/08 - 22:55:52 | 200 [0m|      6.5073ms |             ::1 |  GET [0m    /plugins/rs-plugin/js/jquery.themepunch.tools.min.js
[GIN] 2018/01/08 - 22:55:52 | 200 [0m|            0s |             ::1 |  GET [0m    /plugins/rs-plugin/js/extensions/revolution.extension.layeranimation.min.js
[GIN] 2018/01/08 - 22:55:52 | 200 [0m|       500.8µs |             ::1 |  GET [0m    /plugins/rs-plugin/js/extensions/revolution.extension.kenburn.min.js
[GIN] 2018/01/08 - 22:55:52 | 200 [0m|       500.8µs |             ::1 |  GET [0m    /plugins/rs-plugin/js/extensions/revolution.extension.navigation.min.js
[GIN] 2018/01/08 - 22:55:52 | 200 [0m|         500µs |             ::1 |  GET [0m    /images/logo.png
[GIN] 2018/01/08 - 22:55:52 | 200 [0m|      2.5029ms |             ::1 |  GET [0m    /plugins/rs-plugin/js/extensions/revolution.extension.parallax.min.js
[GIN] 2018/01/08 - 22:55:52 | 200 [0m|      2.0017ms |             ::1 |  GET [0m    /plugins/rs-plugin/js/extensions/revolution.extension.migration.min.js
[GIN] 2018/01/08 - 22:55:52 | 200 [0m|      1.0009ms |             ::1 |  GET [0m    /images/home_betheme_contentslider4.jpg
[GIN] 2018/01/08 - 22:55:52 | 200 [0m|      4.0023ms |             ::1 |  GET [0m    /images/home_betheme_contentslider2.jpg
[GIN] 2018/01/08 - 22:55:52 | 200 [0m|       500.1µs |             ::1 |  GET [0m    /images/home_betheme_slider_slide1.jpg
[GIN] 2018/01/08 - 22:55:52 | 200 [0m|       500.1µs |             ::1 |  GET [0m    /images/home_betheme_contentslider1.jpg
[GIN] 2018/01/08 - 22:55:52 | 200 [0m|      7.0049ms |             ::1 |  GET [0m    /images/home_betheme_contentslider3.jpg
[GIN] 2018/01/08 - 22:55:52 | 200 [0m|     24.5161ms |             ::1 |  GET [0m    /captcha/Ko1DKSC0g076CX5N2WQe.png
[GIN] 2018/01/08 - 22:55:53 | 200 [0m|            0s |             ::1 |  GET [0m    /images/stripes/stripes_3_b.png
[GIN] 2018/01/08 - 22:55:53 | 200 [0m|            0s |             ::1 |  GET [0m    /images/box_shadow_button.png
[GIN] 2018/01/08 - 22:55:53 | 200 [0m|      1.5009ms |             ::1 |  GET [0m    /css/fonts/mfn-icons.woff
[GIN] 2018/01/08 - 22:55:55 | 200 [0m|      1.9999ms |             ::1 |  GET [0m    /favicon.ico
[GIN] 2018/01/08 - 22:56:02 | 200 [0m|      1.0048ms |             ::1 |  GET [0m    /invoices
[GIN] 2018/01/08 - 22:56:35 | 200 [0m|      3.0011ms |             ::1 |  GET [0m    /
[GIN] 2018/01/08 - 22:56:35 | 304 [0m|       500.8µs |             ::1 |  GET [0m    /content/betheme/css/structure.css
[GIN] 2018/01/08 - 22:56:35 | 304 [0m|       500.8µs |             ::1 |  GET [0m    /content/betheme/css/betheme2.css
[GIN] 2018/01/08 - 22:56:35 | 304 [0m|       500.8µs |             ::1 |  GET [0m    /css/global.css
[GIN] 2018/01/08 - 22:56:35 | 304 [0m|       1.502ms |             ::1 |  GET [0m    /content/betheme/css/custom.css
[GIN] 2018/01/08 - 22:56:35 | 304 [0m|       1.502ms |             ::1 |  GET [0m    /plugins/rs-plugin/css/settings.css
[GIN] 2018/01/08 - 22:56:35 | 304 [0m|            0s |             ::1 |  GET [0m    /js/jquery.jplayer.min.js
[GIN] 2018/01/08 - 22:56:35 | 304 [0m|      1.0001ms |             ::1 |  GET [0m    /js/jquery.plugins.js
[GIN] 2018/01/08 - 22:56:35 | 304 [0m|      4.0034ms |             ::1 |  GET [0m    /js/animations/animations.js
[GIN] 2018/01/08 - 22:56:35 | 304 [0m|      1.0005ms |             ::1 |  GET [0m    /js/jquery-2.1.4.min.js
[GIN] 2018/01/08 - 22:56:35 | 304 [0m|      7.0052ms |             ::1 |  GET [0m    /js/mfn.menu.js
[GIN] 2018/01/08 - 22:56:35 | 304 [0m|      1.0008ms |             ::1 |  GET [0m    /js/scripts.js
[GIN] 2018/01/08 - 22:56:35 | 304 [0m|      1.0002ms |             ::1 |  GET [0m    /js/translate3d.js
[GIN] 2018/01/08 - 22:56:35 | 304 [0m|      2.0009ms |             ::1 |  GET [0m    /plugins/rs-plugin/js/jquery.themepunch.tools.min.js
[GIN] 2018/01/08 - 22:56:35 | 304 [0m|            0s |             ::1 |  GET [0m    /plugins/rs-plugin/js/jquery.themepunch.revolution.min.js
[GIN] 2018/01/08 - 22:56:35 | 304 [0m|      1.0005ms |             ::1 |  GET [0m    /js/download.js
[GIN] 2018/01/08 - 22:56:35 | 200 [0m|     39.0262ms |             ::1 |  GET [0m    /captcha/GUr4Da88EWdwPNBlpIuS.png
[GIN] 2018/01/08 - 22:56:35 | 304 [0m|            0s |             ::1 |  GET [0m    /plugins/rs-plugin/js/extensions/revolution.extension.kenburn.min.js
[GIN] 2018/01/08 - 22:56:35 | 304 [0m|            0s |             ::1 |  GET [0m    /plugins/rs-plugin/js/extensions/revolution.extension.layeranimation.min.js
[GIN] 2018/01/08 - 22:56:35 | 304 [0m|            0s |             ::1 |  GET [0m    /plugins/rs-plugin/js/extensions/revolution.extension.video.min.js
[GIN] 2018/01/08 - 22:56:35 | 304 [0m|      3.0022ms |             ::1 |  GET [0m    /plugins/rs-plugin/js/extensions/revolution.extension.actions.min.js
[GIN] 2018/01/08 - 22:56:35 | 304 [0m|      1.0002ms |             ::1 |  GET [0m    /plugins/rs-plugin/js/extensions/revolution.extension.slideanims.min.js
[GIN] 2018/01/08 - 22:56:35 | 304 [0m|      8.0053ms |             ::1 |  GET [0m    /plugins/rs-plugin/js/extensions/revolution.extension.navigation.min.js
[GIN] 2018/01/08 - 22:56:35 | 304 [0m|      1.0016ms |             ::1 |  GET [0m    /plugins/rs-plugin/js/extensions/revolution.extension.migration.min.js
[GIN] 2018/01/08 - 22:56:35 | 304 [0m|            0s |             ::1 |  GET [0m    /plugins/rs-plugin/js/extensions/revolution.extension.parallax.min.js
[GIN] 2018/01/08 - 22:56:35 | 304 [0m|      1.0016ms |             ::1 |  GET [0m    /images/home_betheme_contentslider2.jpg
[GIN] 2018/01/08 - 22:56:35 | 304 [0m|            0s |             ::1 |  GET [0m    /images/home_betheme_contentslider1.jpg
[GIN] 2018/01/08 - 22:56:35 | 304 [0m|            0s |             ::1 |  GET [0m    /images/home_betheme_slider_slide1.jpg
[GIN] 2018/01/08 - 22:56:35 | 304 [0m|            0s |             ::1 |  GET [0m    /images/logo.png
[GIN] 2018/01/08 - 22:56:35 | 304 [0m|      1.0008ms |             ::1 |  GET [0m    /images/home_betheme_contentslider3.jpg
[GIN] 2018/01/08 - 22:56:35 | 304 [0m|      1.0012ms |             ::1 |  GET [0m    /images/stripes/stripes_3_b.png
[GIN] 2018/01/08 - 22:56:35 | 304 [0m|      1.0012ms |             ::1 |  GET [0m    /images/home_betheme_contentslider4.jpg
[GIN] 2018/01/08 - 22:56:35 | 304 [0m|      1.0012ms |             ::1 |  GET [0m    /images/box_shadow_button.png
[GIN] 2018/01/08 - 22:56:54 | 200 [0m|      3.0075ms |             ::1 |  GET [0m    /invoices
[GIN] 2018/01/08 - 23:00:29 | 200 [0m|      3.0019ms |             ::1 |  GET [0m    /
[GIN] 2018/01/08 - 23:00:29 | 304 [0m|       500.4µs |             ::1 |  GET [0m    /content/betheme/css/structure.css
[GIN] 2018/01/08 - 23:00:29 | 304 [0m|            0s |             ::1 |  GET [0m    /css/global.css
[GIN] 2018/01/08 - 23:00:29 | 304 [0m|      6.0036ms |             ::1 |  GET [0m    /js/jquery-2.1.4.min.js
[GIN] 2018/01/08 - 23:00:29 | 304 [0m|      8.0053ms |             ::1 |  GET [0m    /content/betheme/css/betheme2.css
[GIN] 2018/01/08 - 23:00:29 | 304 [0m|      1.0016ms |             ::1 |  GET [0m    /js/jquery.plugins.js
[GIN] 2018/01/08 - 23:00:29 | 304 [0m|      3.0022ms |             ::1 |  GET [0m    /js/jquery.jplayer.min.js
[GIN] 2018/01/08 - 23:00:29 | 304 [0m|            0s |             ::1 |  GET [0m    /js/translate3d.js
[GIN] 2018/01/08 - 23:00:29 | 304 [0m|      2.0006ms |             ::1 |  GET [0m    /content/betheme/css/custom.css
[GIN] 2018/01/08 - 23:00:29 | 304 [0m|            0s |             ::1 |  GET [0m    /js/download.js
[GIN] 2018/01/08 - 23:00:29 | 304 [0m|       2.002ms |             ::1 |  GET [0m    /js/scripts.js
[GIN] 2018/01/08 - 23:00:29 | 304 [0m|      3.0015ms |             ::1 |  GET [0m    /js/animations/animations.js
[GIN] 2018/01/08 - 23:00:29 | 304 [0m|            0s |             ::1 |  GET [0m    /plugins/rs-plugin/js/extensions/revolution.extension.video.min.js
[GIN] 2018/01/08 - 23:00:29 | 304 [0m|            0s |             ::1 |  GET [0m    /plugins/rs-plugin/css/settings.css
[GIN] 2018/01/08 - 23:00:29 | 304 [0m|            0s |             ::1 |  GET [0m    /plugins/rs-plugin/js/jquery.themepunch.revolution.min.js
[GIN] 2018/01/08 - 23:00:29 | 304 [0m|            0s |             ::1 |  GET [0m    /plugins/rs-plugin/js/jquery.themepunch.tools.min.js
[GIN] 2018/01/08 - 23:00:29 | 304 [0m|      4.0031ms |             ::1 |  GET [0m    /plugins/rs-plugin/js/extensions/revolution.extension.slideanims.min.js
[GIN] 2018/01/08 - 23:00:29 | 304 [0m|       6.004ms |             ::1 |  GET [0m    /js/mfn.menu.js
[GIN] 2018/01/08 - 23:00:29 | 304 [0m|      3.0011ms |             ::1 |  GET [0m    /plugins/rs-plugin/js/extensions/revolution.extension.actions.min.js
[GIN] 2018/01/08 - 23:00:29 | 304 [0m|            0s |             ::1 |  GET [0m    /plugins/rs-plugin/js/extensions/revolution.extension.parallax.min.js
[GIN] 2018/01/08 - 23:00:29 | 304 [0m|      1.5012ms |             ::1 |  GET [0m    /plugins/rs-plugin/js/extensions/revolution.extension.migration.min.js
[GIN] 2018/01/08 - 23:00:29 | 304 [0m|      1.0005ms |             ::1 |  GET [0m    /plugins/rs-plugin/js/extensions/revolution.extension.kenburn.min.js
[GIN] 2018/01/08 - 23:00:29 | 304 [0m|            0s |             ::1 |  GET [0m    /plugins/rs-plugin/js/extensions/revolution.extension.navigation.min.js
[GIN] 2018/01/08 - 23:00:29 | 304 [0m|         500µs |             ::1 |  GET [0m    /plugins/rs-plugin/js/extensions/revolution.extension.layeranimation.min.js
[GIN] 2018/01/08 - 23:00:29 | 200 [0m|     37.0277ms |             ::1 |  GET [0m    /captcha/2Fi9uX4AJiCzQge50rea.png
[GIN] 2018/01/08 - 23:00:30 | 304 [0m|            0s |             ::1 |  GET [0m    /images/home_betheme_contentslider2.jpg
[GIN] 2018/01/08 - 23:00:30 | 304 [0m|            0s |             ::1 |  GET [0m    /images/home_betheme_slider_slide1.jpg
[GIN] 2018/01/08 - 23:00:30 | 304 [0m|            0s |             ::1 |  GET [0m    /images/logo.png
[GIN] 2018/01/08 - 23:00:30 | 304 [0m|      1.0005ms |             ::1 |  GET [0m    /images/home_betheme_contentslider1.jpg
[GIN] 2018/01/08 - 23:00:30 | 304 [0m|      1.0012ms |             ::1 |  GET [0m    /images/box_shadow_button.png
[GIN] 2018/01/08 - 23:00:30 | 304 [0m|            0s |             ::1 |  GET [0m    /images/stripes/stripes_3_b.png
[GIN] 2018/01/08 - 23:00:30 | 304 [0m|      6.0086ms |             ::1 |  GET [0m    /images/home_betheme_contentslider3.jpg
[GIN] 2018/01/08 - 23:00:30 | 304 [0m|            0s |             ::1 |  GET [0m    /images/home_betheme_contentslider4.jpg
[GIN] 2018/01/08 - 23:00:40 | 200 [0m|      3.0022ms |             ::1 |  GET [0m    /invoices
[GIN] 2018/01/08 - 23:01:28 | 400 [0m|      1.0005ms |             ::1 |  GET [0m    /invoices
[GIN] 2018/01/08 - 23:01:31 | 200 [0m|      3.0032ms |             ::1 |  GET [0m    /
[GIN] 2018/01/08 - 23:01:31 | 304 [0m|            0s |             ::1 |  GET [0m    /content/betheme/css/custom.css
[GIN] 2018/01/08 - 23:01:31 | 304 [0m|       999.8µs |             ::1 |  GET [0m    /content/betheme/css/betheme2.css
[GIN] 2018/01/08 - 23:01:31 | 304 [0m|            0s |             ::1 |  GET [0m    /css/global.css
[GIN] 2018/01/08 - 23:01:31 | 304 [0m|      1.0019ms |             ::1 |  GET [0m    /content/betheme/css/structure.css
[GIN] 2018/01/08 - 23:01:31 | 304 [0m|            0s |             ::1 |  GET [0m    /plugins/rs-plugin/css/settings.css
[GIN] 2018/01/08 - 23:01:31 | 304 [0m|            0s |             ::1 |  GET [0m    /js/mfn.menu.js
[GIN] 2018/01/08 - 23:01:31 | 304 [0m|            0s |             ::1 |  GET [0m    /js/jquery-2.1.4.min.js
[GIN] 2018/01/08 - 23:01:31 | 304 [0m|       504.7µs |             ::1 |  GET [0m    /js/jquery.plugins.js
[GIN] 2018/01/08 - 23:01:31 | 200 [0m|     19.0224ms |             ::1 |  GET [0m    /captcha/gdsPjsPtTErTlF0dVGJk.png
[GIN] 2018/01/08 - 23:01:31 | 304 [0m|            0s |             ::1 |  GET [0m    /js/animations/animations.js
[GIN] 2018/01/08 - 23:01:31 | 304 [0m|            0s |             ::1 |  GET [0m    /js/jquery.jplayer.min.js
[GIN] 2018/01/08 - 23:01:31 | 304 [0m|            0s |             ::1 |  GET [0m    /js/download.js
[GIN] 2018/01/08 - 23:01:31 | 304 [0m|      4.0041ms |             ::1 |  GET [0m    /js/scripts.js
[GIN] 2018/01/08 - 23:01:31 | 304 [0m|            0s |             ::1 |  GET [0m    /js/translate3d.js
[GIN] 2018/01/08 - 23:01:31 | 304 [0m|       999.8µs |             ::1 |  GET [0m    /plugins/rs-plugin/js/jquery.themepunch.revolution.min.js
[GIN] 2018/01/08 - 23:01:31 | 304 [0m|            0s |             ::1 |  GET [0m    /plugins/rs-plugin/js/jquery.themepunch.tools.min.js
[GIN] 2018/01/08 - 23:01:31 | 304 [0m|            0s |             ::1 |  GET [0m    /plugins/rs-plugin/js/extensions/revolution.extension.video.min.js
[GIN] 2018/01/08 - 23:01:31 | 304 [0m|            0s |             ::1 |  GET [0m    /plugins/rs-plugin/js/extensions/revolution.extension.slideanims.min.js
[GIN] 2018/01/08 - 23:01:31 | 304 [0m|      1.0008ms |             ::1 |  GET [0m    /plugins/rs-plugin/js/extensions/revolution.extension.layeranimation.min.js
[GIN] 2018/01/08 - 23:01:31 | 304 [0m|      1.0012ms |             ::1 |  GET [0m    /plugins/rs-plugin/js/extensions/revolution.extension.actions.min.js
[GIN] 2018/01/08 - 23:01:31 | 304 [0m|            0s |             ::1 |  GET [0m    /plugins/rs-plugin/js/extensions/revolution.extension.navigation.min.js
[GIN] 2018/01/08 - 23:01:31 | 304 [0m|            0s |             ::1 |  GET [0m    /plugins/rs-plugin/js/extensions/revolution.extension.kenburn.min.js
[GIN] 2018/01/08 - 23:01:31 | 304 [0m|       505.4µs |             ::1 |  GET [0m    /plugins/rs-plugin/js/extensions/revolution.extension.migration.min.js
[GIN] 2018/01/08 - 23:01:31 | 304 [0m|      1.0001ms |             ::1 |  GET [0m    /plugins/rs-plugin/js/extensions/revolution.extension.parallax.min.js
[GIN] 2018/01/08 - 23:01:32 | 304 [0m|      1.0012ms |             ::1 |  GET [0m    /images/logo.png
[GIN] 2018/01/08 - 23:01:32 | 304 [0m|      1.0012ms |             ::1 |  GET [0m    /images/home_betheme_slider_slide1.jpg
[GIN] 2018/01/08 - 23:01:32 | 304 [0m|       500.7µs |             ::1 |  GET [0m    /images/home_betheme_contentslider4.jpg
[GIN] 2018/01/08 - 23:01:32 | 304 [0m|            0s |             ::1 |  GET [0m    /images/home_betheme_contentslider2.jpg
[GIN] 2018/01/08 - 23:01:32 | 304 [0m|         500µs |             ::1 |  GET [0m    /images/home_betheme_contentslider3.jpg
[GIN] 2018/01/08 - 23:01:32 | 304 [0m|            0s |             ::1 |  GET [0m    /images/home_betheme_contentslider1.jpg
[GIN] 2018/01/08 - 23:01:32 | 304 [0m|      1.0016ms |             ::1 |  GET [0m    /images/stripes/stripes_3_b.png
[GIN] 2018/01/08 - 23:01:32 | 304 [0m|       500.4µs |             ::1 |  GET [0m    /images/box_shadow_button.png
[GIN] 2018/01/08 - 23:01:46 | 200 [0m|      1.0023ms |             ::1 |  GET [0m    /invoices
[GIN] 2018/01/08 - 23:02:22 | 200 [0m|       4.002ms |             ::1 |  GET [0m    /
[GIN] 2018/01/08 - 23:02:22 | 304 [0m|       499.7µs |             ::1 |  GET [0m    /css/global.css
[GIN] 2018/01/08 - 23:02:22 | 304 [0m|      1.0051ms |             ::1 |  GET [0m    /content/betheme/css/structure.css
[GIN] 2018/01/08 - 23:02:22 | 304 [0m|            0s |             ::1 |  GET [0m    /content/betheme/css/betheme2.css
[GIN] 2018/01/08 - 23:02:22 | 304 [0m|      1.0005ms |             ::1 |  GET [0m    /content/betheme/css/custom.css
[GIN] 2018/01/08 - 23:02:22 | 304 [0m|            0s |             ::1 |  GET [0m    /plugins/rs-plugin/css/settings.css
[GIN] 2018/01/08 - 23:02:22 | 304 [0m|            0s |             ::1 |  GET [0m    /js/jquery-2.1.4.min.js
[GIN] 2018/01/08 - 23:02:22 | 304 [0m|            0s |             ::1 |  GET [0m    /js/mfn.menu.js
[GIN] 2018/01/08 - 23:02:22 | 304 [0m|      1.0005ms |             ::1 |  GET [0m    /js/jquery.plugins.js
[GIN] 2018/01/08 - 23:02:22 | 304 [0m|      1.0002ms |             ::1 |  GET [0m    /js/jquery.jplayer.min.js
[GIN] 2018/01/08 - 23:02:22 | 304 [0m|      1.0001ms |             ::1 |  GET [0m    /js/animations/animations.js
[GIN] 2018/01/08 - 23:02:22 | 304 [0m|            0s |             ::1 |  GET [0m    /js/translate3d.js
[GIN] 2018/01/08 - 23:02:22 | 304 [0m|            0s |             ::1 |  GET [0m    /js/scripts.js
[GIN] 2018/01/08 - 23:02:22 | 304 [0m|            0s |             ::1 |  GET [0m    /plugins/rs-plugin/js/jquery.themepunch.tools.min.js
[GIN] 2018/01/08 - 23:02:22 | 304 [0m|            0s |             ::1 |  GET [0m    /js/download.js
[GIN] 2018/01/08 - 23:02:22 | 304 [0m|      1.0009ms |             ::1 |  GET [0m    /plugins/rs-plugin/js/jquery.themepunch.revolution.min.js
[GIN] 2018/01/08 - 23:02:22 | 304 [0m|      1.0012ms |             ::1 |  GET [0m    /plugins/rs-plugin/js/extensions/revolution.extension.video.min.js
[GIN] 2018/01/08 - 23:02:22 | 304 [0m|            0s |             ::1 |  GET [0m    /plugins/rs-plugin/js/extensions/revolution.extension.slideanims.min.js
[GIN] 2018/01/08 - 23:02:22 | 304 [0m|      1.0005ms |             ::1 |  GET [0m    /plugins/rs-plugin/js/extensions/revolution.extension.actions.min.js
[GIN] 2018/01/08 - 23:02:22 | 304 [0m|            0s |             ::1 |  GET [0m    /plugins/rs-plugin/js/extensions/revolution.extension.layeranimation.min.js
[GIN] 2018/01/08 - 23:02:22 | 200 [0m|     24.5211ms |             ::1 |  GET [0m    /captcha/WyPkYyHjos0IgN6yYc8S.png
[GIN] 2018/01/08 - 23:02:22 | 304 [0m|            0s |             ::1 |  GET [0m    /plugins/rs-plugin/js/extensions/revolution.extension.kenburn.min.js
[GIN] 2018/01/08 - 23:02:22 | 304 [0m|       500.4µs |             ::1 |  GET [0m    /plugins/rs-plugin/js/extensions/revolution.extension.navigation.min.js
[GIN] 2018/01/08 - 23:02:22 | 304 [0m|            0s |             ::1 |  GET [0m    /plugins/rs-plugin/js/extensions/revolution.extension.migration.min.js
[GIN] 2018/01/08 - 23:02:22 | 304 [0m|            0s |             ::1 |  GET [0m    /plugins/rs-plugin/js/extensions/revolution.extension.parallax.min.js
[GIN] 2018/01/08 - 23:02:22 | 304 [0m|            0s |             ::1 |  GET [0m    /images/logo.png
[GIN] 2018/01/08 - 23:02:22 | 304 [0m|      1.0009ms |             ::1 |  GET [0m    /images/home_betheme_slider_slide1.jpg
[GIN] 2018/01/08 - 23:02:22 | 304 [0m|            0s |             ::1 |  GET [0m    /images/home_betheme_contentslider1.jpg
[GIN] 2018/01/08 - 23:02:22 | 304 [0m|       501.8µs |             ::1 |  GET [0m    /images/home_betheme_contentslider2.jpg
[GIN] 2018/01/08 - 23:02:22 | 304 [0m|            0s |             ::1 |  GET [0m    /images/home_betheme_contentslider3.jpg
[GIN] 2018/01/08 - 23:02:22 | 304 [0m|            0s |             ::1 |  GET [0m    /images/home_betheme_contentslider4.jpg
[GIN] 2018/01/08 - 23:02:22 | 304 [0m|      1.0005ms |             ::1 |  GET [0m    /images/stripes/stripes_3_b.png
[GIN] 2018/01/08 - 23:02:22 | 304 [0m|            0s |             ::1 |  GET [0m    /images/box_shadow_button.png
[GIN] 2018/01/08 - 23:02:50 | 200 [0m|    599.2824ms |             ::1 |  GET [0m    /invoices
[GIN] 2018/01/08 - 23:04:13 | 200 [0m|      2.9993ms |             ::1 |  GET [0m    /
[GIN] 2018/01/08 - 23:04:13 | 304 [0m|      2.0014ms |             ::1 |  GET [0m    /css/global.css
[GIN] 2018/01/08 - 23:04:13 | 304 [0m|      1.0019ms |             ::1 |  GET [0m    /content/betheme/css/betheme2.css
[GIN] 2018/01/08 - 23:04:13 | 304 [0m|            0s |             ::1 |  GET [0m    /content/betheme/css/structure.css
[GIN] 2018/01/08 - 23:04:13 | 304 [0m|           2ms |             ::1 |  GET [0m    /content/betheme/css/custom.css
[GIN] 2018/01/08 - 23:04:13 | 304 [0m|            0s |             ::1 |  GET [0m    /plugins/rs-plugin/css/settings.css
[GIN] 2018/01/08 - 23:04:13 | 304 [0m|            0s |             ::1 |  GET [0m    /js/jquery.jplayer.min.js
[GIN] 2018/01/08 - 23:04:13 | 304 [0m|      1.0001ms |             ::1 |  GET [0m    /js/scripts.js
[GIN] 2018/01/08 - 23:04:13 | 304 [0m|      4.0019ms |             ::1 |  GET [0m    /js/animations/animations.js
[GIN] 2018/01/08 - 23:04:13 | 304 [0m|            0s |             ::1 |  GET [0m    /js/translate3d.js
[GIN] 2018/01/08 - 23:04:13 | 304 [0m|      4.0019ms |             ::1 |  GET [0m    /js/mfn.menu.js
[GIN] 2018/01/08 - 23:04:13 | 304 [0m|      1.0009ms |             ::1 |  GET [0m    /js/jquery-2.1.4.min.js
[GIN] 2018/01/08 - 23:04:13 | 304 [0m|      2.0006ms |             ::1 |  GET [0m    /plugins/rs-plugin/js/jquery.themepunch.tools.min.js
[GIN] 2018/01/08 - 23:04:13 | 304 [0m|            0s |             ::1 |  GET [0m    /js/download.js
[GIN] 2018/01/08 - 23:04:13 | 304 [0m|     11.0068ms |             ::1 |  GET [0m    /js/jquery.plugins.js
[GIN] 2018/01/08 - 23:04:13 | 304 [0m|      1.5013ms |             ::1 |  GET [0m    /plugins/rs-plugin/js/jquery.themepunch.revolution.min.js
[GIN] 2018/01/08 - 23:04:13 | 304 [0m|            0s |             ::1 |  GET [0m    /plugins/rs-plugin/js/extensions/revolution.extension.video.min.js
[GIN] 2018/01/08 - 23:04:13 | 304 [0m|         500µs |             ::1 |  GET [0m    /plugins/rs-plugin/js/extensions/revolution.extension.slideanims.min.js
[GIN] 2018/01/08 - 23:04:13 | 304 [0m|            0s |             ::1 |  GET [0m    /plugins/rs-plugin/js/extensions/revolution.extension.actions.min.js
[GIN] 2018/01/08 - 23:04:13 | 200 [0m|      24.525ms |             ::1 |  GET [0m    /captcha/kKOSLuRH5QyVnJ6OdHSj.png
[GIN] 2018/01/08 - 23:04:13 | 304 [0m|      2.0021ms |             ::1 |  GET [0m    /plugins/rs-plugin/js/extensions/revolution.extension.kenburn.min.js
[GIN] 2018/01/08 - 23:04:13 | 304 [0m|       2.001ms |             ::1 |  GET [0m    /plugins/rs-plugin/js/extensions/revolution.extension.navigation.min.js
[GIN] 2018/01/08 - 23:04:13 | 304 [0m|            0s |             ::1 |  GET [0m    /plugins/rs-plugin/js/extensions/revolution.extension.parallax.min.js
[GIN] 2018/01/08 - 23:04:13 | 304 [0m|            0s |             ::1 |  GET [0m    /plugins/rs-plugin/js/extensions/revolution.extension.layeranimation.min.js
[GIN] 2018/01/08 - 23:04:13 | 304 [0m|      1.0012ms |             ::1 |  GET [0m    /plugins/rs-plugin/js/extensions/revolution.extension.migration.min.js
[GIN] 2018/01/08 - 23:04:13 | 304 [0m|      1.5055ms |             ::1 |  GET [0m    /images/home_betheme_slider_slide1.jpg
[GIN] 2018/01/08 - 23:04:13 | 304 [0m|      3.0022ms |             ::1 |  GET [0m    /images/logo.png
[GIN] 2018/01/08 - 23:04:13 | 304 [0m|            0s |             ::1 |  GET [0m    /images/home_betheme_contentslider3.jpg
[GIN] 2018/01/08 - 23:04:14 | 304 [0m|            0s |             ::1 |  GET [0m    /images/home_betheme_contentslider2.jpg
[GIN] 2018/01/08 - 23:04:14 | 304 [0m|      2.0017ms |             ::1 |  GET [0m    /images/home_betheme_contentslider4.jpg
[GIN] 2018/01/08 - 23:04:14 | 304 [0m|            0s |             ::1 |  GET [0m    /images/home_betheme_contentslider1.jpg
[GIN] 2018/01/08 - 23:04:14 | 304 [0m|      1.0012ms |             ::1 |  GET [0m    /images/stripes/stripes_3_b.png
[GIN] 2018/01/08 - 23:04:14 | 304 [0m|      1.0005ms |             ::1 |  GET [0m    /images/box_shadow_button.png
[GIN] 2018/01/08 - 23:04:24 | 400 [0m|            0s |             ::1 |  GET [0m    /invoices
[GIN] 2018/01/08 - 23:04:36 | 400 [0m|            0s |             ::1 |  GET [0m    /invoices
[GIN] 2018/01/08 - 23:04:37 | 200 [0m|      5.0084ms |             ::1 |  GET [0m    /
[GIN] 2018/01/08 - 23:04:37 | 304 [0m|            0s |             ::1 |  GET [0m    /css/global.css
[GIN] 2018/01/08 - 23:04:37 | 304 [0m|      1.0001ms |             ::1 |  GET [0m    /content/betheme/css/structure.css
[GIN] 2018/01/08 - 23:04:37 | 304 [0m|            0s |             ::1 |  GET [0m    /content/betheme/css/betheme2.css
[GIN] 2018/01/08 - 23:04:37 | 304 [0m|            0s |             ::1 |  GET [0m    /content/betheme/css/custom.css
[GIN] 2018/01/08 - 23:04:37 | 304 [0m|            0s |             ::1 |  GET [0m    /plugins/rs-plugin/css/settings.css
[GIN] 2018/01/08 - 23:04:37 | 304 [0m|            0s |             ::1 |  GET [0m    /js/mfn.menu.js
[GIN] 2018/01/08 - 23:04:37 | 304 [0m|            0s |             ::1 |  GET [0m    /js/jquery-2.1.4.min.js
[GIN] 2018/01/08 - 23:04:37 | 200 [0m|     21.0192ms |             ::1 |  GET [0m    /captcha/XJs5TWWBdvOsIY4wO166.png
[GIN] 2018/01/08 - 23:04:37 | 304 [0m|            0s |             ::1 |  GET [0m    /js/jquery.plugins.js
[GIN] 2018/01/08 - 23:04:37 | 304 [0m|      2.0009ms |             ::1 |  GET [0m    /js/translate3d.js
[GIN] 2018/01/08 - 23:04:37 | 304 [0m|      1.0012ms |             ::1 |  GET [0m    /js/animations/animations.js
[GIN] 2018/01/08 - 23:04:37 | 304 [0m|            0s |             ::1 |  GET [0m    /js/scripts.js
[GIN] 2018/01/08 - 23:04:37 | 304 [0m|      1.0009ms |             ::1 |  GET [0m    /js/jquery.jplayer.min.js
[GIN] 2018/01/08 - 23:04:37 | 304 [0m|       999.8µs |             ::1 |  GET [0m    /plugins/rs-plugin/js/jquery.themepunch.tools.min.js
[GIN] 2018/01/08 - 23:04:37 | 304 [0m|            0s |             ::1 |  GET [0m    /plugins/rs-plugin/js/extensions/revolution.extension.actions.min.js
[GIN] 2018/01/08 - 23:04:37 | 304 [0m|            0s |             ::1 |  GET [0m    /plugins/rs-plugin/js/extensions/revolution.extension.slideanims.min.js
[GIN] 2018/01/08 - 23:04:37 | 304 [0m|            0s |             ::1 |  GET [0m    /plugins/rs-plugin/js/extensions/revolution.extension.video.min.js
[GIN] 2018/01/08 - 23:04:37 | 304 [0m|            0s |             ::1 |  GET [0m    /plugins/rs-plugin/js/jquery.themepunch.revolution.min.js
[GIN] 2018/01/08 - 23:04:37 | 304 [0m|            0s |             ::1 |  GET [0m    /js/download.js
[GIN] 2018/01/08 - 23:04:37 | 304 [0m|            0s |             ::1 |  GET [0m    /plugins/rs-plugin/js/extensions/revolution.extension.migration.min.js
[GIN] 2018/01/08 - 23:04:37 | 304 [0m|            0s |             ::1 |  GET [0m    /plugins/rs-plugin/js/extensions/revolution.extension.kenburn.min.js
[GIN] 2018/01/08 - 23:04:37 | 304 [0m|            0s |             ::1 |  GET [0m    /plugins/rs-plugin/js/extensions/revolution.extension.parallax.min.js
[GIN] 2018/01/08 - 23:04:37 | 304 [0m|            0s |             ::1 |  GET [0m    /plugins/rs-plugin/js/extensions/revolution.extension.layeranimation.min.js
[GIN] 2018/01/08 - 23:04:37 | 304 [0m|      1.0001ms |             ::1 |  GET [0m    /plugins/rs-plugin/js/extensions/revolution.extension.navigation.min.js
[GIN] 2018/01/08 - 23:04:38 | 304 [0m|            0s |             ::1 |  GET [0m    /images/logo.png
[GIN] 2018/01/08 - 23:04:38 | 304 [0m|      1.0009ms |             ::1 |  GET [0m    /images/home_betheme_slider_slide1.jpg
[GIN] 2018/01/08 - 23:04:38 | 304 [0m|      2.0016ms |             ::1 |  GET [0m    /images/home_betheme_contentslider4.jpg
[GIN] 2018/01/08 - 23:04:38 | 304 [0m|      3.0032ms |             ::1 |  GET [0m    /images/home_betheme_contentslider3.jpg
[GIN] 2018/01/08 - 23:04:38 | 304 [0m|            0s |             ::1 |  GET [0m    /images/home_betheme_contentslider1.jpg
[GIN] 2018/01/08 - 23:04:38 | 304 [0m|      1.0008ms |             ::1 |  GET [0m    /images/home_betheme_contentslider2.jpg
[GIN] 2018/01/08 - 23:04:38 | 304 [0m|            0s |             ::1 |  GET [0m    /images/box_shadow_button.png
[GIN] 2018/01/08 - 23:04:38 | 304 [0m|            0s |             ::1 |  GET [0m    /images/stripes/stripes_3_b.png
[GIN] 2018/01/08 - 23:04:47 | 200 [0m|     10.0078ms |             ::1 |  GET [0m    /invoices
[GIN] 2018/01/08 - 23:05:18 | 200 [0m|      4.0031ms |             ::1 |  GET [0m    /
[GIN] 2018/01/08 - 23:05:18 | 304 [0m|      1.0004ms |             ::1 |  GET [0m    /css/global.css
[GIN] 2018/01/08 - 23:05:18 | 304 [0m|            0s |             ::1 |  GET [0m    /content/betheme/css/structure.css
[GIN] 2018/01/08 - 23:05:18 | 304 [0m|            0s |             ::1 |  GET [0m    /content/betheme/css/betheme2.css
[GIN] 2018/01/08 - 23:05:18 | 304 [0m|      1.0015ms |             ::1 |  GET [0m    /content/betheme/css/custom.css
[GIN] 2018/01/08 - 23:05:18 | 304 [0m|      1.0012ms |             ::1 |  GET [0m    /plugins/rs-plugin/css/settings.css
[GIN] 2018/01/08 - 23:05:18 | 304 [0m|            0s |             ::1 |  GET [0m    /js/jquery-2.1.4.min.js
[GIN] 2018/01/08 - 23:05:18 | 304 [0m|            0s |             ::1 |  GET [0m    /js/mfn.menu.js
[GIN] 2018/01/08 - 23:05:18 | 304 [0m|            0s |             ::1 |  GET [0m    /js/jquery.plugins.js
[GIN] 2018/01/08 - 23:05:18 | 304 [0m|            0s |             ::1 |  GET [0m    /js/jquery.jplayer.min.js
[GIN] 2018/01/08 - 23:05:18 | 304 [0m|      1.0005ms |             ::1 |  GET [0m    /js/animations/animations.js
[GIN] 2018/01/08 - 23:05:18 | 200 [0m|     23.0148ms |             ::1 |  GET [0m    /captcha/gckkHoVtJomw5uAypIte.png
[GIN] 2018/01/08 - 23:05:18 | 304 [0m|            0s |             ::1 |  GET [0m    /js/translate3d.js
[GIN] 2018/01/08 - 23:05:18 | 304 [0m|      1.0005ms |             ::1 |  GET [0m    /js/scripts.js
[GIN] 2018/01/08 - 23:05:18 | 304 [0m|            0s |             ::1 |  GET [0m    /js/download.js
[GIN] 2018/01/08 - 23:05:18 | 304 [0m|            0s |             ::1 |  GET [0m    /plugins/rs-plugin/js/jquery.themepunch.tools.min.js
[GIN] 2018/01/08 - 23:05:18 | 304 [0m|            0s |             ::1 |  GET [0m    /plugins/rs-plugin/js/jquery.themepunch.revolution.min.js
[GIN] 2018/01/08 - 23:05:18 | 304 [0m|      1.0005ms |             ::1 |  GET [0m    /plugins/rs-plugin/js/extensions/revolution.extension.video.min.js
[GIN] 2018/01/08 - 23:05:18 | 304 [0m|            0s |             ::1 |  GET [0m    /plugins/rs-plugin/js/extensions/revolution.extension.slideanims.min.js
[GIN] 2018/01/08 - 23:05:18 | 304 [0m|            0s |             ::1 |  GET [0m    /plugins/rs-plugin/js/extensions/revolution.extension.actions.min.js
[GIN] 2018/01/08 - 23:05:18 | 304 [0m|       500.4µs |             ::1 |  GET [0m    /plugins/rs-plugin/js/extensions/revolution.extension.layeranimation.min.js
[GIN] 2018/01/08 - 23:05:18 | 304 [0m|      1.0016ms |             ::1 |  GET [0m    /plugins/rs-plugin/js/extensions/revolution.extension.kenburn.min.js
[GIN] 2018/01/08 - 23:05:18 | 304 [0m|      1.0005ms |             ::1 |  GET [0m    /plugins/rs-plugin/js/extensions/revolution.extension.navigation.min.js
[GIN] 2018/01/08 - 23:05:18 | 304 [0m|            0s |             ::1 |  GET [0m    /plugins/rs-plugin/js/extensions/revolution.extension.migration.min.js
[GIN] 2018/01/08 - 23:05:18 | 304 [0m|      1.0009ms |             ::1 |  GET [0m    /plugins/rs-plugin/js/extensions/revolution.extension.parallax.min.js
[GIN] 2018/01/08 - 23:05:18 | 304 [0m|            0s |             ::1 |  GET [0m    /images/logo.png
[GIN] 2018/01/08 - 23:05:18 | 304 [0m|       500.7µs |             ::1 |  GET [0m    /images/home_betheme_slider_slide1.jpg
[GIN] 2018/01/08 - 23:05:18 | 304 [0m|       500.1µs |             ::1 |  GET [0m    /images/home_betheme_contentslider1.jpg
[GIN] 2018/01/08 - 23:05:18 | 304 [0m|            0s |             ::1 |  GET [0m    /images/home_betheme_contentslider2.jpg
[GIN] 2018/01/08 - 23:05:18 | 304 [0m|      1.0005ms |             ::1 |  GET [0m    /images/home_betheme_contentslider3.jpg
[GIN] 2018/01/08 - 23:05:18 | 304 [0m|            0s |             ::1 |  GET [0m    /images/home_betheme_contentslider4.jpg
[GIN] 2018/01/08 - 23:05:18 | 304 [0m|            0s |             ::1 |  GET [0m    /images/stripes/stripes_3_b.png
[GIN] 2018/01/08 - 23:05:18 | 304 [0m|            0s |             ::1 |  GET [0m    /images/box_shadow_button.png
[GIN] 2018/01/08 - 23:05:27 | 200 [0m|     10.0095ms |             ::1 |  GET [0m    /invoices
